<?xml version="1.0" encoding="UTF-8"?>
<!-- Generated by org.testng.reporters.JUnitReportReporter -->
<testsuite hostname="LAPTOP-QJOH5353" failures="0" tests="1" name="test_runner.TestRunnerRegister" time="7.254" errors="0" timestamp="2025-05-17T14:55:30 IST" skipped="0">
  <testcase classname="test_runner.TestRunnerRegister" name="runScenario" time="7.254"/>
</testsuite> <!-- test_runner.TestRunnerRegister -->
