<?xml version="1.0" encoding="UTF-8"?>
<!-- Generated by org.testng.reporters.JUnitReportReporter -->
<testsuite hostname="LAPTOP-QJOH5353" failures="0" tests="2" name="package4.Annotations" time="0.009" errors="0" timestamp="2025-05-03T11:59:41 IST" skipped="0">
  <testcase classname="package4.Annotations" name="m1" time="0.006"/>
  <testcase classname="package4.Annotations" name="m2" time="0.003"/>
</testsuite> <!-- package4.Annotations -->
