<?xml version="1.0" encoding="UTF-8"?>
<!-- Generated by org.testng.reporters.JUnitReportReporter -->
<testsuite hostname="LAPTOP-QJOH5353" failures="0" tests="15" name="package8.DataProvider_Test" time="50.101" errors="0" timestamp="2025-05-06T19:35:02 IST" skipped="0">
  <testcase classname="package8.DataProvider_Test" name="testLogin" time="2.578"/>
  <testcase classname="package8.DataProvider_Test" name="testLogin" time="4.385"/>
  <testcase classname="package8.DataProvider_Test" name="testLogin" time="3.426"/>
  <testcase classname="package8.DataProvider_Test" name="testLogin" time="3.694"/>
  <testcase classname="package8.DataProvider_Test" name="testLogin" time="3.910"/>
  <testcase classname="package8.DataProvider_Test" name="testLogin" time="2.631"/>
  <testcase classname="package8.DataProvider_Test" name="testLogin" time="3.318"/>
  <testcase classname="package8.DataProvider_Test" name="testLogin" time="2.583"/>
  <testcase classname="package8.DataProvider_Test" name="testLogin" time="2.905"/>
  <testcase classname="package8.DataProvider_Test" name="testLogin" time="3.961"/>
  <testcase classname="package8.DataProvider_Test" name="testLogin" time="3.193"/>
  <testcase classname="package8.DataProvider_Test" name="testLogin" time="3.270"/>
  <testcase classname="package8.DataProvider_Test" name="testLogin" time="3.809"/>
  <testcase classname="package8.DataProvider_Test" name="testLogin" time="3.849"/>
  <testcase classname="package8.DataProvider_Test" name="testLogin" time="2.589"/>
</testsuite> <!-- package8.DataProvider_Test -->
