<?xml version="1.0" encoding="UTF-8"?>
<!-- Generated by org.testng.reporters.JUnitReportReporter -->
<testsuite hostname="LAPTOP-QJOH5353" failures="0" tests="3" name="package1.Test2" time="0.011" errors="0" timestamp="2025-04-22T21:31:17 IST" skipped="0">
  <testcase classname="package1.Test2" name="logout" time="0.000"/>
  <testcase classname="package1.Test2" name="close" time="0.010"/>
  <testcase classname="package1.Test2" name="facebook" time="0.001"/>
</testsuite> <!-- package1.Test2 -->
