<?xml version="1.0" encoding="UTF-8"?>
<!-- Generated by org.testng.reporters.JUnitReportReporter -->
<testsuite hostname="LAPTOP-QJOH5353" failures="0" tests="6" name="package9.ParallelTest" time="0.115" errors="0" timestamp="2025-05-06T17:15:56 IST" skipped="0">
  <testcase classname="package9.ParallelTest" name="testURL" time="0.014"/>
  <testcase classname="package9.ParallelTest" name="testURL" time="0.012"/>
  <testcase classname="package9.ParallelTest" name="testLogo" time="0.025"/>
  <testcase classname="package9.ParallelTest" name="testLogo" time="0.036"/>
  <testcase classname="package9.ParallelTest" name="testTitle" time="0.017"/>
  <testcase classname="package9.ParallelTest" name="testTitle" time="0.011"/>
</testsuite> <!-- package9.ParallelTest -->
