<?xml version="1.0" encoding="UTF-8"?>
<!-- Generated by org.testng.reporters.JUnitReportReporter -->
<testsuite hostname="LAPTOP-QJOH5353" failures="0" tests="2" name="package3.Class1" time="0.009" errors="0" timestamp="2025-05-02T17:50:31 IST" skipped="0">
  <testcase classname="package3.Class1" name="m1" time="0.007"/>
  <testcase classname="package3.Class1" name="m1" time="0.002"/>
</testsuite> <!-- package3.Class1 -->
