<?xml version="1.0" encoding="UTF-8"?>
<!-- Generated by org.testng.reporters.JUnitReportReporter -->
<testsuite hostname="LAPTOP-QJOH5353" failures="0" tests="3" name="package1.Test1" time="0.015" errors="0" timestamp="2025-05-13T16:31:07 IST" skipped="0">
  <testcase classname="package1.Test1" name="login" time="0.011"/>
  <testcase classname="package1.Test1" name="searching" time="0.003"/>
  <testcase classname="package1.Test1" name="quit" time="0.001"/>
</testsuite> <!-- package1.Test1 -->
