<?xml version="1.0" encoding="UTF-8"?>
<!-- Generated by org.testng.reporters.JUnitReportReporter -->
<testsuite hostname="LAPTOP-QJOH5353" failures="0" tests="3" name="package7.SignupTests" time="0.010" errors="0" timestamp="2025-05-05T12:25:51 IST" skipped="0">
  <testcase classname="package7.SignupTests" name="signupByGmail" time="0.008"/>
  <testcase classname="package7.SignupTests" name="signupByFacebook" time="0.001"/>
  <testcase classname="package7.SignupTests" name="signupBySkype" time="0.001"/>
</testsuite> <!-- package7.SignupTests -->
