<?xml version="1.0" encoding="UTF-8"?>
<!-- Generated by org.testng.reporters.JUnitReportReporter -->
<testsuite hostname="LAPTOP-QJOH5353" failures="0" tests="2" name="package7.PaymentTests" time="0.003" errors="0" timestamp="2025-05-05T12:25:06 IST" skipped="0">
  <testcase classname="package7.PaymentTests" name="paymentInRupees" time="0.001"/>
  <testcase classname="package7.PaymentTests" name="paymentInDollar" time="0.002"/>
</testsuite> <!-- package7.PaymentTests -->
