<?xml version="1.0" encoding="UTF-8"?>
<!-- Generated by org.testng.reporters.JUnitReportReporter -->
<testsuite hostname="LAPTOP-QJOH5353" failures="0" tests="2" name="package2.NewTest1" time="0.016" errors="0" timestamp="2025-05-02T16:43:11 IST" skipped="0">
  <testcase classname="package2.NewTest1" name="advSearch" time="0.014"/>
  <testcase classname="package2.NewTest1" name="serach" time="0.002"/>
</testsuite> <!-- package2.NewTest1 -->
