<?xml version="1.0" encoding="UTF-8"?>
<!-- Generated by org.testng.reporters.JUnitReportReporter -->
<testsuite hostname="LAPTOP-QJOH5353" failures="0" tests="3" name="package7.LoginTests" time="0.007" errors="0" timestamp="2025-05-05T12:25:51 IST" skipped="0">
  <testcase classname="package7.LoginTests" name="loginByGmail" time="0.002"/>
  <testcase classname="package7.LoginTests" name="loginByFaceBook" time="0.003"/>
  <testcase classname="package7.LoginTests" name="loginBySkype" time="0.002"/>
</testsuite> <!-- package7.LoginTests -->
