<?xml version="1.0" encoding="UTF-8"?>
<!-- Generated by org.testng.reporters.JUnitReportReporter -->
<testsuite hostname="LAPTOP-QJOH5353" failures="0" tests="6" name="package9.SequenceTest" time="12.196" errors="0" timestamp="2025-05-06T17:08:58 IST" skipped="0">
  <testcase classname="package9.SequenceTest" name="testLogo" time="2.053"/>
  <testcase classname="package9.SequenceTest" name="testLogo" time="2.031"/>
  <testcase classname="package9.SequenceTest" name="testTitle" time="2.024"/>
  <testcase classname="package9.SequenceTest" name="testTitle" time="2.040"/>
  <testcase classname="package9.SequenceTest" name="testURL" time="2.021"/>
  <testcase classname="package9.SequenceTest" name="testURL" time="2.027"/>
</testsuite> <!-- package9.SequenceTest -->
