<?xml version="1.0" encoding="UTF-8"?>
<!-- Generated by org.testng.reporters.JUnitReportReporter -->
<testsuite hostname="LAPTOP-QJOH5353" failures="0" tests="2" name="package8.FBLogin" time="7.365" errors="0" timestamp="2025-05-05T15:44:02 IST" skipped="0">
  <testcase classname="package8.FBLogin" name="testLogin" time="3.486"/>
  <testcase classname="package8.FBLogin" name="testLogin" time="3.879"/>
</testsuite> <!-- package8.FBLogin -->
