<?xml version="1.0" encoding="UTF-8"?>
<!-- Generated by org.testng.reporters.JUnitReportReporter -->
<testsuite hostname="LAPTOP-QJOH5353" failures="0" tests="2" name="package2.Example2" time="0.004" errors="0" timestamp="2025-05-04T17:19:25 IST" skipped="0">
  <testcase classname="package2.Example2" name="search" time="0.002"/>
  <testcase classname="package2.Example2" name="advSearch" time="0.002"/>
</testsuite> <!-- package2.Example2 -->
