<?xml version="1.0" encoding="UTF-8"?>
<!-- Generated by org.testng.reporters.JUnitReportReporter -->
<testsuite hostname="LAPTOP-QJOH5353" failures="0" tests="1" name="package5.HardAssertion1" time="0.008" errors="0" timestamp="2025-05-03T12:46:30 IST" skipped="0">
  <testcase classname="package5.HardAssertion1" name="testHardAssertion" time="0.008"/>
</testsuite> <!-- package5.HardAssertion1 -->
