<?xml version="1.0" encoding="UTF-8"?>
<!-- Generated by org.testng.reporters.JUnitReportReporter -->
<testsuite hostname="LAPTOP-QJOH5353" failures="0" tests="1" name="package1.TestNG1" time="0.018" errors="0" timestamp="2025-04-26T15:36:25 IST" skipped="0">
  <testcase classname="package1.TestNG1" name="openBrowser" time="0.018"/>
</testsuite> <!-- package1.TestNG1 -->
